<?xml version="1.0" encoding="UTF-8"?>
<testng-results ignored="0" total="1" passed="1" failed="0" skipped="0">
  <reporter-output>
    <line>
      <![CDATA[Supplier-00000002693=========Supplier-00000002693]]>
    </line>
    <line>
      <![CDATA[Customer-00000004746=======Customer-00000004746]]>
    </line>
  </reporter-output>
  <suite started-at="2024-04-22T12:18:01 BST" name="Default suite" finished-at="2024-04-22T12:19:47 BST" duration-ms="106443">
    <groups>
    </groups>
    <test started-at="2024-04-22T12:18:01 BST" name="Default test" finished-at="2024-04-22T12:19:47 BST" duration-ms="106443">
      <class name="driverfactory.AppTest">
        <test-method signature="KickStart()[pri:0, instance:driverfactory.AppTest@13e39c73]" started-at="2024-04-22T12:18:01 BST" name="KickStart" finished-at="2024-04-22T12:19:47 BST" duration-ms="106354" status="PASS">
          <reporter-output>
            <line>
              <![CDATA[Supplier-00000002693=========Supplier-00000002693]]>
            </line>
            <line>
              <![CDATA[Customer-00000004746=======Customer-00000004746]]>
            </line>
          </reporter-output>
        </test-method> <!-- KickStart -->
      </class> <!-- driverfactory.AppTest -->
    </test> <!-- Default test -->
  </suite> <!-- Default suite -->
</testng-results>
